{"C:\\Users\\vfalc\\Desktop\\support-api\\src\\server.js": {"path":"C:\\Users\\vfalc\\Desktop\\support-api\\src\\server.js","statementMap":{"0":{"start":{"line":1,"column":16},"end":{"line":1,"column":34}},"1":{"start":{"line":2,"column":18},"end":{"line":2,"column":46}},"2":{"start":{"line":4,"column":12},"end":{"line":4,"column":21}},"3":{"start":{"line":5,"column":0},"end":{"line":5,"column":24}},"4":{"start":{"line":6,"column":0},"end":{"line":6,"column":64}},"5":{"start":{"line":8,"column":0},"end":{"line":8,"column":61}},"6":{"start":{"line":8,"column":33},"end":{"line":8,"column":59}},"7":{"start":{"line":10,"column":0},"end":{"line":14,"column":1}},"8":{"start":{"line":11,"column":2},"end":{"line":11,"column":14}},"9":{"start":{"line":12,"column":15},"end":{"line":12,"column":39}},"10":{"start":{"line":13,"column":2},"end":{"line":13,"column":72}},"11":{"start":{"line":13,"column":25},"end":{"line":13,"column":70}},"12":{"start":{"line":16,"column":0},"end":{"line":16,"column":21}}},"fnMap":{"0":{"name":"(anonymous_0)","decl":{"start":{"line":8,"column":19},"end":{"line":8,"column":20}},"loc":{"start":{"line":8,"column":33},"end":{"line":8,"column":59}},"line":8},"1":{"name":"(anonymous_1)","decl":{"start":{"line":13,"column":19},"end":{"line":13,"column":20}},"loc":{"start":{"line":13,"column":25},"end":{"line":13,"column":70}},"line":13}},"branchMap":{"0":{"loc":{"start":{"line":10,"column":0},"end":{"line":14,"column":1}},"type":"if","locations":[{"start":{"line":10,"column":0},"end":{"line":14,"column":1}},{"start":{},"end":{}}],"line":10},"1":{"loc":{"start":{"line":12,"column":15},"end":{"line":12,"column":39}},"type":"binary-expr","locations":[{"start":{"line":12,"column":15},"end":{"line":12,"column":31}},{"start":{"line":12,"column":35},"end":{"line":12,"column":39}}],"line":12}},"s":{"0":1,"1":1,"2":1,"3":1,"4":1,"5":1,"6":1,"7":1,"8":0,"9":0,"10":0,"11":0,"12":1},"f":{"0":1,"1":0},"b":{"0":[0,1],"1":[0,0]},"_coverageSchema":"1a1c01bbd47fc00a2c39e90264f33305004495a9","hash":"46be0af74a4801b1953505cd8b562c57606528ce"}
,"C:\\Users\\vfalc\\Desktop\\support-api\\src\\config\\database.js": {"path":"C:\\Users\\vfalc\\Desktop\\support-api\\src\\config\\database.js","statementMap":{"0":{"start":{"line":1,"column":17},"end":{"line":1,"column":36}},"1":{"start":{"line":3,"column":18},"end":{"line":3,"column":82}},"2":{"start":{"line":5,"column":18},"end":{"line":18,"column":1}},"3":{"start":{"line":6,"column":2},"end":{"line":17,"column":3}},"4":{"start":{"line":7,"column":4},"end":{"line":16,"column":5}},"5":{"start":{"line":8,"column":6},"end":{"line":11,"column":9}},"6":{"start":{"line":12,"column":6},"end":{"line":12,"column":42}},"7":{"start":{"line":14,"column":6},"end":{"line":14,"column":49}},"8":{"start":{"line":15,"column":6},"end":{"line":15,"column":22}},"9":{"start":{"line":20,"column":0},"end":{"line":20,"column":27}}},"fnMap":{"0":{"name":"(anonymous_0)","decl":{"start":{"line":5,"column":18},"end":{"line":5,"column":19}},"loc":{"start":{"line":5,"column":30},"end":{"line":18,"column":1}},"line":5}},"branchMap":{"0":{"loc":{"start":{"line":3,"column":18},"end":{"line":3,"column":82}},"type":"binary-expr","locations":[{"start":{"line":3,"column":18},"end":{"line":3,"column":39}},{"start":{"line":3,"column":43},"end":{"line":3,"column":82}}],"line":3},"1":{"loc":{"start":{"line":6,"column":2},"end":{"line":17,"column":3}},"type":"if","locations":[{"start":{"line":6,"column":2},"end":{"line":17,"column":3}},{"start":{},"end":{}}],"line":6}},"s":{"0":1,"1":1,"2":1,"3":0,"4":0,"5":0,"6":0,"7":0,"8":0,"9":1},"f":{"0":0},"b":{"0":[1,1],"1":[0,0]},"_coverageSchema":"1a1c01bbd47fc00a2c39e90264f33305004495a9","hash":"9b09abac2a06b162451bf362974f6f8e69e4d908"}
,"C:\\Users\\vfalc\\Desktop\\support-api\\src\\models\\RequestType.js": {"path":"C:\\Users\\vfalc\\Desktop\\support-api\\src\\models\\RequestType.js","statementMap":{"0":{"start":{"line":1,"column":26},"end":{"line":1,"column":45}},"1":{"start":{"line":3,"column":26},"end":{"line":18,"column":1}},"2":{"start":{"line":20,"column":0},"end":{"line":20,"column":57}}},"fnMap":{},"branchMap":{},"s":{"0":1,"1":1,"2":1},"f":{},"b":{},"_coverageSchema":"1a1c01bbd47fc00a2c39e90264f33305004495a9","hash":"4c14f45295a4f29b9db53381c162f33730d78544"}
,"C:\\Users\\vfalc\\Desktop\\support-api\\src\\routes\\requestTypes.js": {"path":"C:\\Users\\vfalc\\Desktop\\support-api\\src\\routes\\requestTypes.js","statementMap":{"0":{"start":{"line":1,"column":16},"end":{"line":1,"column":34}},"1":{"start":{"line":2,"column":20},"end":{"line":2,"column":52}},"2":{"start":{"line":4,"column":15},"end":{"line":4,"column":31}},"3":{"start":{"line":7,"column":0},"end":{"line":10,"column":3}},"4":{"start":{"line":8,"column":16},"end":{"line":8,"column":58}},"5":{"start":{"line":9,"column":2},"end":{"line":9,"column":18}},"6":{"start":{"line":13,"column":0},"end":{"line":17,"column":3}},"7":{"start":{"line":14,"column":14},"end":{"line":14,"column":55}},"8":{"start":{"line":15,"column":2},"end":{"line":15,"column":64}},"9":{"start":{"line":15,"column":12},"end":{"line":15,"column":64}},"10":{"start":{"line":16,"column":2},"end":{"line":16,"column":23}},"11":{"start":{"line":20,"column":0},"end":{"line":27,"column":3}},"12":{"start":{"line":21,"column":2},"end":{"line":26,"column":3}},"13":{"start":{"line":22,"column":20},"end":{"line":22,"column":54}},"14":{"start":{"line":23,"column":4},"end":{"line":23,"column":41}},"15":{"start":{"line":25,"column":4},"end":{"line":25,"column":56}},"16":{"start":{"line":29,"column":0},"end":{"line":29,"column":24}}},"fnMap":{"0":{"name":"(anonymous_0)","decl":{"start":{"line":7,"column":16},"end":{"line":7,"column":17}},"loc":{"start":{"line":7,"column":36},"end":{"line":10,"column":1}},"line":7},"1":{"name":"(anonymous_1)","decl":{"start":{"line":13,"column":19},"end":{"line":13,"column":20}},"loc":{"start":{"line":13,"column":39},"end":{"line":17,"column":1}},"line":13},"2":{"name":"(anonymous_2)","decl":{"start":{"line":20,"column":17},"end":{"line":20,"column":18}},"loc":{"start":{"line":20,"column":37},"end":{"line":27,"column":1}},"line":20}},"branchMap":{"0":{"loc":{"start":{"line":15,"column":2},"end":{"line":15,"column":64}},"type":"if","locations":[{"start":{"line":15,"column":2},"end":{"line":15,"column":64}},{"start":{},"end":{}}],"line":15}},"s":{"0":1,"1":1,"2":1,"3":1,"4":1,"5":1,"6":1,"7":0,"8":0,"9":0,"10":0,"11":1,"12":1,"13":1,"14":1,"15":0,"16":1},"f":{"0":1,"1":0,"2":1},"b":{"0":[0,0]},"_coverageSchema":"1a1c01bbd47fc00a2c39e90264f33305004495a9","hash":"0f53970657ed26c269a8c165e04a57ed6c238488"}
}
